<?xml version="1.0" encoding="UTF-8"?>
<testng-results ignored="0" total="3" passed="3" failed="0" skipped="0">
  <reporter-output>
  </reporter-output>
  <suite started-at="2025-08-13T14:13:10 IST" name="amazontestSuite" finished-at="2025-08-13T14:13:21 IST" duration-ms="11845">
    <groups>
    </groups>
    <test started-at="2025-08-13T14:13:10 IST" name="ChromeTest" finished-at="2025-08-13T14:13:18 IST" duration-ms="8940">
      <class name="test.amazontest">
        <test-method is-config="true" signature="setup(java.lang.String)[pri:0, instance:test.amazontest@4d5d943d]" started-at="2025-08-13T14:13:10 IST" name="setup" finished-at="2025-08-13T14:13:13 IST" duration-ms="3533" status="PASS">
          <params>
            <param index="0">
              <value>
                <![CDATA[chrome]]>
              </value>
            </param>
          </params>
          <reporter-output>
          </reporter-output>
        </test-method> <!-- setup -->
        <test-method signature="openAmazon()[pri:0, instance:test.amazontest@4d5d943d]" started-at="2025-08-13T14:13:13 IST" name="openAmazon" finished-at="2025-08-13T14:13:18 IST" duration-ms="5206" status="PASS">
          <reporter-output>
          </reporter-output>
        </test-method> <!-- openAmazon -->
        <test-method is-config="true" signature="tearDown()[pri:0, instance:test.amazontest@4d5d943d]" started-at="2025-08-13T14:13:18 IST" name="tearDown" finished-at="2025-08-13T14:13:18 IST" duration-ms="144" status="PASS">
          <reporter-output>
          </reporter-output>
        </test-method> <!-- tearDown -->
      </class> <!-- test.amazontest -->
    </test> <!-- ChromeTest -->
    <test started-at="2025-08-13T14:13:10 IST" name="EdgeTest" finished-at="2025-08-13T14:13:19 IST" duration-ms="9501">
      <class name="test.amazontest">
        <test-method is-config="true" signature="setup(java.lang.String)[pri:0, instance:test.amazontest@40005471]" started-at="2025-08-13T14:13:10 IST" name="setup" finished-at="2025-08-13T14:13:14 IST" duration-ms="4020" status="PASS">
          <params>
            <param index="0">
              <value>
                <![CDATA[MicrosoftEdge]]>
              </value>
            </param>
          </params>
          <reporter-output>
          </reporter-output>
        </test-method> <!-- setup -->
        <test-method signature="openAmazon()[pri:0, instance:test.amazontest@40005471]" started-at="2025-08-13T14:13:14 IST" name="openAmazon" finished-at="2025-08-13T14:13:19 IST" duration-ms="5299" status="PASS">
          <reporter-output>
          </reporter-output>
        </test-method> <!-- openAmazon -->
        <test-method is-config="true" signature="tearDown()[pri:0, instance:test.amazontest@40005471]" started-at="2025-08-13T14:13:19 IST" name="tearDown" finished-at="2025-08-13T14:13:19 IST" duration-ms="129" status="PASS">
          <reporter-output>
          </reporter-output>
        </test-method> <!-- tearDown -->
      </class> <!-- test.amazontest -->
    </test> <!-- EdgeTest -->
    <test started-at="2025-08-13T14:13:10 IST" name="FirefoxTest" finished-at="2025-08-13T14:13:21 IST" duration-ms="11845">
      <class name="test.amazontest">
        <test-method is-config="true" signature="setup(java.lang.String)[pri:0, instance:test.amazontest@302552ec]" started-at="2025-08-13T14:13:10 IST" name="setup" finished-at="2025-08-13T14:13:16 IST" duration-ms="5969" status="PASS">
          <params>
            <param index="0">
              <value>
                <![CDATA[firefox]]>
              </value>
            </param>
          </params>
          <reporter-output>
          </reporter-output>
        </test-method> <!-- setup -->
        <test-method signature="openAmazon()[pri:0, instance:test.amazontest@302552ec]" started-at="2025-08-13T14:13:16 IST" name="openAmazon" finished-at="2025-08-13T14:13:20 IST" duration-ms="4387" status="PASS">
          <reporter-output>
          </reporter-output>
        </test-method> <!-- openAmazon -->
        <test-method is-config="true" signature="tearDown()[pri:0, instance:test.amazontest@302552ec]" started-at="2025-08-13T14:13:20 IST" name="tearDown" finished-at="2025-08-13T14:13:21 IST" duration-ms="1434" status="PASS">
          <reporter-output>
          </reporter-output>
        </test-method> <!-- tearDown -->
      </class> <!-- test.amazontest -->
    </test> <!-- FirefoxTest -->
  </suite> <!-- amazontestSuite -->
</testng-results>
